This file contains any messages produced by compilers while
running configure, to aid debugging if configure makes a mistake.

It was created by annabell configure 2.0.9, which was
generated by GNU Autoconf 2.69.  Invocation command line was

  $ ./configure 

## --------- ##
## Platform. ##
## --------- ##

hostname = tangjianbo-Z97-HD3
uname -m = x86_64
uname -r = 3.13.0-74-generic
uname -s = Linux
uname -v = #118-Ubuntu SMP Thu Dec 17 22:52:10 UTC 2015

/usr/bin/uname -p = unknown
/bin/uname -X     = unknown

/bin/arch              = unknown
/usr/bin/arch -k       = unknown
/usr/convex/getsysinfo = unknown
/usr/bin/hostinfo      = unknown
/bin/machine           = unknown
/usr/bin/oslevel       = unknown
/bin/universe          = unknown

PATH: /home/tangjianbo/torch/install/bin
PATH: /home/tangjianbo/torch/install/bin
PATH: /usr/lib/java/jre1.8.0_65/bin
PATH: /usr/local/sbin
PATH: /usr/local/bin
PATH: /usr/sbin
PATH: /usr/bin
PATH: /sbin
PATH: /bin
PATH: /usr/games
PATH: /usr/local/games
PATH: /usr/local/cuda/bin
PATH: /home/tangjianbo/Matlab/R2014b/bin/


## ----------- ##
## Core tests. ##
## ----------- ##

configure:2400: checking for a BSD-compatible install
configure:2468: result: /usr/bin/install -c
configure:2479: checking whether build environment is sane
configure:2534: result: yes
configure:2572: WARNING: 'missing' script is too old or missing
configure:2685: checking for a thread-safe mkdir -p
configure:2724: result: /bin/mkdir -p
configure:2731: checking for gawk
configure:2761: result: no
configure:2731: checking for mawk
configure:2747: found /usr/bin/mawk
configure:2758: result: mawk
configure:2769: checking whether make sets $(MAKE)
configure:2791: result: yes
configure:2820: checking whether make supports nested variables
configure:2837: result: yes
configure:2966: checking build system type
configure:2980: result: x86_64-unknown-linux-gnu
configure:3000: checking host system type
configure:3013: result: x86_64-unknown-linux-gnu
configure:3058: checking for style of include used by make
configure:3086: result: GNU
configure:3157: checking for gcc
configure:3173: found /usr/bin/gcc
configure:3184: result: gcc
configure:3413: checking for C compiler version
configure:3422: gcc --version >&5
gcc (Ubuntu 4.8.4-2ubuntu1~14.04) 4.8.4
Copyright (C) 2013 Free Software Foundation, Inc.
This is free software; see the source for copying conditions.  There is NO
warranty; not even for MERCHANTABILITY or FITNESS FOR A PARTICULAR PURPOSE.

configure:3433: $? = 0
configure:3422: gcc -v >&5
Using built-in specs.
COLLECT_GCC=gcc
COLLECT_LTO_WRAPPER=/usr/lib/gcc/x86_64-linux-gnu/4.8/lto-wrapper
Target: x86_64-linux-gnu
Configured with: ../src/configure -v --with-pkgversion='Ubuntu 4.8.4-2ubuntu1~14.04' --with-bugurl=file:///usr/share/doc/gcc-4.8/README.Bugs --enable-languages=c,c++,java,go,d,fortran,objc,obj-c++ --prefix=/usr --program-suffix=-4.8 --enable-shared --enable-linker-build-id --libexecdir=/usr/lib --without-included-gettext --enable-threads=posix --with-gxx-include-dir=/usr/include/c++/4.8 --libdir=/usr/lib --enable-nls --with-sysroot=/ --enable-clocale=gnu --enable-libstdcxx-debug --enable-libstdcxx-time=yes --enable-gnu-unique-object --disable-libmudflap --enable-plugin --with-system-zlib --disable-browser-plugin --enable-java-awt=gtk --enable-gtk-cairo --with-java-home=/usr/lib/jvm/java-1.5.0-gcj-4.8-amd64/jre --enable-java-home --with-jvm-root-dir=/usr/lib/jvm/java-1.5.0-gcj-4.8-amd64 --with-jvm-jar-dir=/usr/lib/jvm-exports/java-1.5.0-gcj-4.8-amd64 --with-arch-directory=amd64 --with-ecj-jar=/usr/share/java/eclipse-ecj.jar --enable-objc-gc --enable-multiarch --disable-werror --with-arch-32=i686 --with-abi=m64 --with-multilib-list=m32,m64,mx32 --with-tune=generic --enable-checking=release --build=x86_64-linux-gnu --host=x86_64-linux-gnu --target=x86_64-linux-gnu
Thread model: posix
gcc version 4.8.4 (Ubuntu 4.8.4-2ubuntu1~14.04) 
configure:3433: $? = 0
configure:3422: gcc -V >&5
gcc: error: unrecognized command line option '-V'
gcc: fatal error: no input files
compilation terminated.
configure:3433: $? = 4
configure:3422: gcc -qversion >&5
gcc: error: unrecognized command line option '-qversion'
gcc: fatal error: no input files
compilation terminated.
configure:3433: $? = 4
configure:3453: checking whether the C compiler works
configure:3475: gcc    conftest.c  >&5
configure:3479: $? = 0
configure:3527: result: yes
configure:3530: checking for C compiler default output file name
configure:3532: result: a.out
configure:3538: checking for suffix of executables
configure:3545: gcc -o conftest    conftest.c  >&5
configure:3549: $? = 0
configure:3571: result: 
configure:3593: checking whether we are cross compiling
configure:3601: gcc -o conftest    conftest.c  >&5
configure:3605: $? = 0
configure:3612: ./conftest
configure:3616: $? = 0
configure:3631: result: no
configure:3636: checking for suffix of object files
configure:3658: gcc -c   conftest.c >&5
configure:3662: $? = 0
configure:3683: result: o
configure:3687: checking whether we are using the GNU C compiler
configure:3706: gcc -c   conftest.c >&5
configure:3706: $? = 0
configure:3715: result: yes
configure:3724: checking whether gcc accepts -g
configure:3744: gcc -c -g  conftest.c >&5
configure:3744: $? = 0
configure:3785: result: yes
configure:3802: checking for gcc option to accept ISO C89
configure:3865: gcc  -c -g -O2  conftest.c >&5
configure:3865: $? = 0
configure:3878: result: none needed
configure:3903: checking whether gcc understands -c and -o together
configure:3925: gcc -c conftest.c -o conftest2.o
configure:3928: $? = 0
configure:3925: gcc -c conftest.c -o conftest2.o
configure:3928: $? = 0
configure:3940: result: yes
configure:3959: checking dependency style of gcc
configure:4070: result: gcc3
configure:4091: checking how to run the C preprocessor
configure:4122: gcc -E  conftest.c
configure:4122: $? = 0
configure:4136: gcc -E  conftest.c
conftest.c:11:28: fatal error: ac_nonexistent.h: No such file or directory
 #include <ac_nonexistent.h>
                            ^
compilation terminated.
configure:4136: $? = 1
configure: failed program was:
| /* confdefs.h */
| #define PACKAGE_NAME "annabell"
| #define PACKAGE_TARNAME "annabell"
| #define PACKAGE_VERSION "2.0.9"
| #define PACKAGE_STRING "annabell 2.0.9"
| #define PACKAGE_BUGREPORT "golosio@uniss.it"
| #define PACKAGE_URL ""
| #define PACKAGE "annabell"
| #define VERSION "2.0.9"
| /* end confdefs.h.  */
| #include <ac_nonexistent.h>
configure:4161: result: gcc -E
configure:4181: gcc -E  conftest.c
configure:4181: $? = 0
configure:4195: gcc -E  conftest.c
conftest.c:11:28: fatal error: ac_nonexistent.h: No such file or directory
 #include <ac_nonexistent.h>
                            ^
compilation terminated.
configure:4195: $? = 1
configure: failed program was:
| /* confdefs.h */
| #define PACKAGE_NAME "annabell"
| #define PACKAGE_TARNAME "annabell"
| #define PACKAGE_VERSION "2.0.9"
| #define PACKAGE_STRING "annabell 2.0.9"
| #define PACKAGE_BUGREPORT "golosio@uniss.it"
| #define PACKAGE_URL ""
| #define PACKAGE "annabell"
| #define VERSION "2.0.9"
| /* end confdefs.h.  */
| #include <ac_nonexistent.h>
configure:4224: checking for grep that handles long lines and -e
configure:4282: result: /bin/grep
configure:4287: checking for egrep
configure:4349: result: /bin/grep -E
configure:4354: checking for ANSI C header files
configure:4374: gcc -c -g -O2  conftest.c >&5
configure:4374: $? = 0
configure:4447: gcc -o conftest -g -O2   conftest.c  >&5
configure:4447: $? = 0
configure:4447: ./conftest
configure:4447: $? = 0
configure:4458: result: yes
configure:4471: checking for sys/types.h
configure:4471: gcc -c -g -O2  conftest.c >&5
configure:4471: $? = 0
configure:4471: result: yes
configure:4471: checking for sys/stat.h
configure:4471: gcc -c -g -O2  conftest.c >&5
configure:4471: $? = 0
configure:4471: result: yes
configure:4471: checking for stdlib.h
configure:4471: gcc -c -g -O2  conftest.c >&5
configure:4471: $? = 0
configure:4471: result: yes
configure:4471: checking for string.h
configure:4471: gcc -c -g -O2  conftest.c >&5
configure:4471: $? = 0
configure:4471: result: yes
configure:4471: checking for memory.h
configure:4471: gcc -c -g -O2  conftest.c >&5
configure:4471: $? = 0
configure:4471: result: yes
configure:4471: checking for strings.h
configure:4471: gcc -c -g -O2  conftest.c >&5
configure:4471: $? = 0
configure:4471: result: yes
configure:4471: checking for inttypes.h
configure:4471: gcc -c -g -O2  conftest.c >&5
configure:4471: $? = 0
configure:4471: result: yes
configure:4471: checking for stdint.h
configure:4471: gcc -c -g -O2  conftest.c >&5
configure:4471: $? = 0
configure:4471: result: yes
configure:4471: checking for unistd.h
configure:4471: gcc -c -g -O2  conftest.c >&5
configure:4471: $? = 0
configure:4471: result: yes
configure:4484: checking minix/config.h usability
configure:4484: gcc -c -g -O2  conftest.c >&5
conftest.c:54:26: fatal error: minix/config.h: No such file or directory
 #include <minix/config.h>
                          ^
compilation terminated.
configure:4484: $? = 1
configure: failed program was:
| /* confdefs.h */
| #define PACKAGE_NAME "annabell"
| #define PACKAGE_TARNAME "annabell"
| #define PACKAGE_VERSION "2.0.9"
| #define PACKAGE_STRING "annabell 2.0.9"
| #define PACKAGE_BUGREPORT "golosio@uniss.it"
| #define PACKAGE_URL ""
| #define PACKAGE "annabell"
| #define VERSION "2.0.9"
| #define STDC_HEADERS 1
| #define HAVE_SYS_TYPES_H 1
| #define HAVE_SYS_STAT_H 1
| #define HAVE_STDLIB_H 1
| #define HAVE_STRING_H 1
| #define HAVE_MEMORY_H 1
| #define HAVE_STRINGS_H 1
| #define HAVE_INTTYPES_H 1
| #define HAVE_STDINT_H 1
| #define HAVE_UNISTD_H 1
| /* end confdefs.h.  */
| #include <stdio.h>
| #ifdef HAVE_SYS_TYPES_H
| # include <sys/types.h>
| #endif
| #ifdef HAVE_SYS_STAT_H
| # include <sys/stat.h>
| #endif
| #ifdef STDC_HEADERS
| # include <stdlib.h>
| # include <stddef.h>
| #else
| # ifdef HAVE_STDLIB_H
| #  include <stdlib.h>
| # endif
| #endif
| #ifdef HAVE_STRING_H
| # if !defined STDC_HEADERS && defined HAVE_MEMORY_H
| #  include <memory.h>
| # endif
| # include <string.h>
| #endif
| #ifdef HAVE_STRINGS_H
| # include <strings.h>
| #endif
| #ifdef HAVE_INTTYPES_H
| # include <inttypes.h>
| #endif
| #ifdef HAVE_STDINT_H
| # include <stdint.h>
| #endif
| #ifdef HAVE_UNISTD_H
| # include <unistd.h>
| #endif
| #include <minix/config.h>
configure:4484: result: no
configure:4484: checking minix/config.h presence
configure:4484: gcc -E  conftest.c
conftest.c:21:26: fatal error: minix/config.h: No such file or directory
 #include <minix/config.h>
                          ^
compilation terminated.
configure:4484: $? = 1
configure: failed program was:
| /* confdefs.h */
| #define PACKAGE_NAME "annabell"
| #define PACKAGE_TARNAME "annabell"
| #define PACKAGE_VERSION "2.0.9"
| #define PACKAGE_STRING "annabell 2.0.9"
| #define PACKAGE_BUGREPORT "golosio@uniss.it"
| #define PACKAGE_URL ""
| #define PACKAGE "annabell"
| #define VERSION "2.0.9"
| #define STDC_HEADERS 1
| #define HAVE_SYS_TYPES_H 1
| #define HAVE_SYS_STAT_H 1
| #define HAVE_STDLIB_H 1
| #define HAVE_STRING_H 1
| #define HAVE_MEMORY_H 1
| #define HAVE_STRINGS_H 1
| #define HAVE_INTTYPES_H 1
| #define HAVE_STDINT_H 1
| #define HAVE_UNISTD_H 1
| /* end confdefs.h.  */
| #include <minix/config.h>
configure:4484: result: no
configure:4484: checking for minix/config.h
configure:4484: result: no
configure:4505: checking whether it is safe to define __EXTENSIONS__
configure:4523: gcc -c -g -O2  conftest.c >&5
configure:4523: $? = 0
configure:4530: result: yes
configure:4593: checking for ar
configure:4609: found /usr/bin/ar
configure:4620: result: ar
configure:4646: checking the archiver (ar) interface
configure:4662: gcc -c -g -O2  conftest.c >&5
configure:4662: $? = 0
configure:4664: ar cru libconftest.a conftest.o >&5
configure:4667: $? = 0
configure:4695: result: ar
configure:4765: checking how to print strings
configure:4792: result: printf
configure:4813: checking for a sed that does not truncate output
configure:4877: result: /bin/sed
configure:4895: checking for fgrep
configure:4957: result: /bin/grep -F
configure:4992: checking for ld used by gcc
configure:5059: result: /usr/bin/ld
configure:5066: checking if the linker (/usr/bin/ld) is GNU ld
configure:5081: result: yes
configure:5093: checking for BSD- or MS-compatible name lister (nm)
configure:5142: result: /usr/bin/nm -B
configure:5272: checking the name lister (/usr/bin/nm -B) interface
configure:5279: gcc -c -g -O2  conftest.c >&5
configure:5282: /usr/bin/nm -B "conftest.o"
configure:5285: output
0000000000000000 B some_variable
configure:5292: result: BSD nm
configure:5295: checking whether ln -s works
configure:5299: result: yes
configure:5307: checking the maximum length of command line arguments
configure:5437: result: 1572864
configure:5454: checking whether the shell understands some XSI constructs
configure:5464: result: yes
configure:5468: checking whether the shell understands "+="
configure:5474: result: yes
configure:5509: checking how to convert x86_64-unknown-linux-gnu file names to x86_64-unknown-linux-gnu format
configure:5549: result: func_convert_file_noop
configure:5556: checking how to convert x86_64-unknown-linux-gnu file names to toolchain format
configure:5576: result: func_convert_file_noop
configure:5583: checking for /usr/bin/ld option to reload object files
configure:5590: result: -r
configure:5664: checking for objdump
configure:5680: found /usr/bin/objdump
configure:5691: result: objdump
configure:5723: checking how to recognize dependent libraries
configure:5925: result: pass_all
configure:6010: checking for dlltool
configure:6040: result: no
configure:6070: checking how to associate runtime and link libraries
configure:6097: result: printf %s\n
configure:6221: checking for archiver @FILE support
configure:6238: gcc -c -g -O2  conftest.c >&5
configure:6238: $? = 0
configure:6241: ar cru libconftest.a @conftest.lst >&5
configure:6244: $? = 0
configure:6249: ar cru libconftest.a @conftest.lst >&5
ar: conftest.o: No such file or directory
configure:6252: $? = 1
configure:6264: result: @
configure:6322: checking for strip
configure:6338: found /usr/bin/strip
configure:6349: result: strip
configure:6421: checking for ranlib
configure:6437: found /usr/bin/ranlib
configure:6448: result: ranlib
configure:6550: checking command to parse /usr/bin/nm -B output from gcc object
configure:6670: gcc -c -g -O2  conftest.c >&5
configure:6673: $? = 0
configure:6677: /usr/bin/nm -B conftest.o \| sed -n -e 's/^.*[ ]\([ABCDGIRSTW][ABCDGIRSTW]*\)[ ][ ]*\([_A-Za-z][_A-Za-z0-9]*\)$/\1 \2 \2/p' | sed '/ __gnu_lto/d' \> conftest.nm
configure:6680: $? = 0
configure:6746: gcc -o conftest -g -O2   conftest.c conftstm.o >&5
configure:6749: $? = 0
configure:6787: result: ok
configure:6824: checking for sysroot
configure:6854: result: no
configure:6931: gcc -c -g -O2  conftest.c >&5
configure:6934: $? = 0
configure:7110: checking for mt
configure:7126: found /bin/mt
configure:7137: result: mt
configure:7160: checking if mt is a manifest tool
configure:7166: mt '-?'
configure:7174: result: no
configure:7813: checking for dlfcn.h
configure:7813: gcc -c -g -O2  conftest.c >&5
configure:7813: $? = 0
configure:7813: result: yes
configure:8019: checking for objdir
configure:8034: result: .libs
configure:8305: checking if gcc supports -fno-rtti -fno-exceptions
configure:8323: gcc -c -g -O2  -fno-rtti -fno-exceptions conftest.c >&5
cc1: warning: command line option '-fno-rtti' is valid for C++/ObjC++ but not for C [enabled by default]
configure:8327: $? = 0
configure:8340: result: no
configure:8667: checking for gcc option to produce PIC
configure:8674: result: -fPIC -DPIC
configure:8682: checking if gcc PIC flag -fPIC -DPIC works
configure:8700: gcc -c -g -O2  -fPIC -DPIC -DPIC conftest.c >&5
configure:8704: $? = 0
configure:8717: result: yes
configure:8746: checking if gcc static flag -static works
configure:8774: result: yes
configure:8789: checking if gcc supports -c -o file.o
configure:8810: gcc -c -g -O2  -o out/conftest2.o conftest.c >&5
configure:8814: $? = 0
configure:8836: result: yes
configure:8844: checking if gcc supports -c -o file.o
configure:8891: result: yes
configure:8924: checking whether the gcc linker (/usr/bin/ld -m elf_x86_64) supports shared libraries
configure:10081: result: yes
configure:10118: checking whether -lc should be explicitly linked in
configure:10126: gcc -c -g -O2  conftest.c >&5
configure:10129: $? = 0
configure:10144: gcc -shared  -fPIC -DPIC conftest.o  -v -Wl,-soname -Wl,conftest -o conftest 2\>\&1 \| /bin/grep  -lc  \>/dev/null 2\>\&1
configure:10147: $? = 0
configure:10161: result: no
configure:10321: checking dynamic linker characteristics
configure:10832: gcc -o conftest -g -O2   -Wl,-rpath -Wl,/foo conftest.c  >&5
configure:10832: $? = 0
configure:11066: result: GNU/Linux ld.so
configure:11173: checking how to hardcode library paths into programs
configure:11198: result: immediate
configure:11738: checking whether stripping libraries is possible
configure:11743: result: yes
configure:11778: checking if libtool supports shared libraries
configure:11780: result: yes
configure:11783: checking whether to build shared libraries
configure:11804: result: yes
configure:11807: checking whether to build static libraries
configure:11811: result: yes
configure:11898: checking for gcc
configure:11925: result: gcc
configure:12154: checking for C compiler version
configure:12163: gcc --version >&5
gcc (Ubuntu 4.8.4-2ubuntu1~14.04) 4.8.4
Copyright (C) 2013 Free Software Foundation, Inc.
This is free software; see the source for copying conditions.  There is NO
warranty; not even for MERCHANTABILITY or FITNESS FOR A PARTICULAR PURPOSE.

configure:12174: $? = 0
configure:12163: gcc -v >&5
Using built-in specs.
COLLECT_GCC=gcc
COLLECT_LTO_WRAPPER=/usr/lib/gcc/x86_64-linux-gnu/4.8/lto-wrapper
Target: x86_64-linux-gnu
Configured with: ../src/configure -v --with-pkgversion='Ubuntu 4.8.4-2ubuntu1~14.04' --with-bugurl=file:///usr/share/doc/gcc-4.8/README.Bugs --enable-languages=c,c++,java,go,d,fortran,objc,obj-c++ --prefix=/usr --program-suffix=-4.8 --enable-shared --enable-linker-build-id --libexecdir=/usr/lib --without-included-gettext --enable-threads=posix --with-gxx-include-dir=/usr/include/c++/4.8 --libdir=/usr/lib --enable-nls --with-sysroot=/ --enable-clocale=gnu --enable-libstdcxx-debug --enable-libstdcxx-time=yes --enable-gnu-unique-object --disable-libmudflap --enable-plugin --with-system-zlib --disable-browser-plugin --enable-java-awt=gtk --enable-gtk-cairo --with-java-home=/usr/lib/jvm/java-1.5.0-gcj-4.8-amd64/jre --enable-java-home --with-jvm-root-dir=/usr/lib/jvm/java-1.5.0-gcj-4.8-amd64 --with-jvm-jar-dir=/usr/lib/jvm-exports/java-1.5.0-gcj-4.8-amd64 --with-arch-directory=amd64 --with-ecj-jar=/usr/share/java/eclipse-ecj.jar --enable-objc-gc --enable-multiarch --disable-werror --with-arch-32=i686 --with-abi=m64 --with-multilib-list=m32,m64,mx32 --with-tune=generic --enable-checking=release --build=x86_64-linux-gnu --host=x86_64-linux-gnu --target=x86_64-linux-gnu
Thread model: posix
gcc version 4.8.4 (Ubuntu 4.8.4-2ubuntu1~14.04) 
configure:12174: $? = 0
configure:12163: gcc -V >&5
gcc: error: unrecognized command line option '-V'
gcc: fatal error: no input files
compilation terminated.
configure:12174: $? = 4
configure:12163: gcc -qversion >&5
gcc: error: unrecognized command line option '-qversion'
gcc: fatal error: no input files
compilation terminated.
configure:12174: $? = 4
configure:12178: checking whether we are using the GNU C compiler
configure:12206: result: yes
configure:12215: checking whether gcc accepts -g
configure:12276: result: yes
configure:12293: checking for gcc option to accept ISO C89
configure:12369: result: none needed
configure:12394: checking whether gcc understands -c and -o together
configure:12431: result: yes
configure:12450: checking dependency style of gcc
configure:12561: result: gcc3
configure:12596: checking for gcc
configure:12612: found /usr/bin/gcc
configure:12624: result: gcc
configure:12698: checking for g++
configure:12714: found /usr/bin/g++
configure:12725: result: g++
configure:12752: checking for C++ compiler version
configure:12761: g++ --version >&5
g++ (Ubuntu 4.8.4-2ubuntu1~14.04) 4.8.4
Copyright (C) 2013 Free Software Foundation, Inc.
This is free software; see the source for copying conditions.  There is NO
warranty; not even for MERCHANTABILITY or FITNESS FOR A PARTICULAR PURPOSE.

configure:12772: $? = 0
configure:12761: g++ -v >&5
Using built-in specs.
COLLECT_GCC=g++
COLLECT_LTO_WRAPPER=/usr/lib/gcc/x86_64-linux-gnu/4.8/lto-wrapper
Target: x86_64-linux-gnu
Configured with: ../src/configure -v --with-pkgversion='Ubuntu 4.8.4-2ubuntu1~14.04' --with-bugurl=file:///usr/share/doc/gcc-4.8/README.Bugs --enable-languages=c,c++,java,go,d,fortran,objc,obj-c++ --prefix=/usr --program-suffix=-4.8 --enable-shared --enable-linker-build-id --libexecdir=/usr/lib --without-included-gettext --enable-threads=posix --with-gxx-include-dir=/usr/include/c++/4.8 --libdir=/usr/lib --enable-nls --with-sysroot=/ --enable-clocale=gnu --enable-libstdcxx-debug --enable-libstdcxx-time=yes --enable-gnu-unique-object --disable-libmudflap --enable-plugin --with-system-zlib --disable-browser-plugin --enable-java-awt=gtk --enable-gtk-cairo --with-java-home=/usr/lib/jvm/java-1.5.0-gcj-4.8-amd64/jre --enable-java-home --with-jvm-root-dir=/usr/lib/jvm/java-1.5.0-gcj-4.8-amd64 --with-jvm-jar-dir=/usr/lib/jvm-exports/java-1.5.0-gcj-4.8-amd64 --with-arch-directory=amd64 --with-ecj-jar=/usr/share/java/eclipse-ecj.jar --enable-objc-gc --enable-multiarch --disable-werror --with-arch-32=i686 --with-abi=m64 --with-multilib-list=m32,m64,mx32 --with-tune=generic --enable-checking=release --build=x86_64-linux-gnu --host=x86_64-linux-gnu --target=x86_64-linux-gnu
Thread model: posix
gcc version 4.8.4 (Ubuntu 4.8.4-2ubuntu1~14.04) 
configure:12772: $? = 0
configure:12761: g++ -V >&5
g++: error: unrecognized command line option '-V'
g++: fatal error: no input files
compilation terminated.
configure:12772: $? = 4
configure:12761: g++ -qversion >&5
g++: error: unrecognized command line option '-qversion'
g++: fatal error: no input files
compilation terminated.
configure:12772: $? = 4
configure:12776: checking whether we are using the GNU C++ compiler
configure:12795: g++ -c   conftest.cpp >&5
configure:12795: $? = 0
configure:12804: result: yes
configure:12813: checking whether g++ accepts -g
configure:12833: g++ -c -g  conftest.cpp >&5
configure:12833: $? = 0
configure:12874: result: yes
configure:12899: checking dependency style of g++
configure:13010: result: gcc3
configure:13043: checking how to run the C++ preprocessor
configure:13070: g++ -E  conftest.cpp
configure:13070: $? = 0
configure:13084: g++ -E  conftest.cpp
conftest.cpp:28:28: fatal error: ac_nonexistent.h: No such file or directory
 #include <ac_nonexistent.h>
                            ^
compilation terminated.
configure:13084: $? = 1
configure: failed program was:
| /* confdefs.h */
| #define PACKAGE_NAME "annabell"
| #define PACKAGE_TARNAME "annabell"
| #define PACKAGE_VERSION "2.0.9"
| #define PACKAGE_STRING "annabell 2.0.9"
| #define PACKAGE_BUGREPORT "golosio@uniss.it"
| #define PACKAGE_URL ""
| #define PACKAGE "annabell"
| #define VERSION "2.0.9"
| #define STDC_HEADERS 1
| #define HAVE_SYS_TYPES_H 1
| #define HAVE_SYS_STAT_H 1
| #define HAVE_STDLIB_H 1
| #define HAVE_STRING_H 1
| #define HAVE_MEMORY_H 1
| #define HAVE_STRINGS_H 1
| #define HAVE_INTTYPES_H 1
| #define HAVE_STDINT_H 1
| #define HAVE_UNISTD_H 1
| #define __EXTENSIONS__ 1
| #define _ALL_SOURCE 1
| #define _GNU_SOURCE 1
| #define _POSIX_PTHREAD_SEMANTICS 1
| #define _TANDEM_SOURCE 1
| #define HAVE_DLFCN_H 1
| #define LT_OBJDIR ".libs/"
| /* end confdefs.h.  */
| #include <ac_nonexistent.h>
configure:13109: result: g++ -E
configure:13129: g++ -E  conftest.cpp
configure:13129: $? = 0
configure:13143: g++ -E  conftest.cpp
conftest.cpp:28:28: fatal error: ac_nonexistent.h: No such file or directory
 #include <ac_nonexistent.h>
                            ^
compilation terminated.
configure:13143: $? = 1
configure: failed program was:
| /* confdefs.h */
| #define PACKAGE_NAME "annabell"
| #define PACKAGE_TARNAME "annabell"
| #define PACKAGE_VERSION "2.0.9"
| #define PACKAGE_STRING "annabell 2.0.9"
| #define PACKAGE_BUGREPORT "golosio@uniss.it"
| #define PACKAGE_URL ""
| #define PACKAGE "annabell"
| #define VERSION "2.0.9"
| #define STDC_HEADERS 1
| #define HAVE_SYS_TYPES_H 1
| #define HAVE_SYS_STAT_H 1
| #define HAVE_STDLIB_H 1
| #define HAVE_STRING_H 1
| #define HAVE_MEMORY_H 1
| #define HAVE_STRINGS_H 1
| #define HAVE_INTTYPES_H 1
| #define HAVE_STDINT_H 1
| #define HAVE_UNISTD_H 1
| #define __EXTENSIONS__ 1
| #define _ALL_SOURCE 1
| #define _GNU_SOURCE 1
| #define _POSIX_PTHREAD_SEMANTICS 1
| #define _TANDEM_SOURCE 1
| #define HAVE_DLFCN_H 1
| #define LT_OBJDIR ".libs/"
| /* end confdefs.h.  */
| #include <ac_nonexistent.h>
configure:13312: checking for ld used by g++
configure:13379: result: /usr/bin/ld -m elf_x86_64
configure:13386: checking if the linker (/usr/bin/ld -m elf_x86_64) is GNU ld
configure:13401: result: yes
configure:13456: checking whether the g++ linker (/usr/bin/ld -m elf_x86_64) supports shared libraries
configure:14461: result: yes
configure:14497: g++ -c -g -O2  conftest.cpp >&5
configure:14500: $? = 0
configure:15020: checking for g++ option to produce PIC
configure:15027: result: -fPIC -DPIC
configure:15035: checking if g++ PIC flag -fPIC -DPIC works
configure:15053: g++ -c -g -O2  -fPIC -DPIC -DPIC conftest.cpp >&5
configure:15057: $? = 0
configure:15070: result: yes
configure:15093: checking if g++ static flag -static works
configure:15121: result: yes
configure:15133: checking if g++ supports -c -o file.o
configure:15154: g++ -c -g -O2  -o out/conftest2.o conftest.cpp >&5
configure:15158: $? = 0
configure:15180: result: yes
configure:15185: checking if g++ supports -c -o file.o
configure:15232: result: yes
configure:15262: checking whether the g++ linker (/usr/bin/ld -m elf_x86_64) supports shared libraries
configure:15301: result: yes
configure:15442: checking dynamic linker characteristics
configure:16121: result: GNU/Linux ld.so
configure:16174: checking how to hardcode library paths into programs
configure:16199: result: immediate
configure:16259: checking for g++
configure:16275: found /usr/bin/g++
configure:16287: result: g++
configure:16305: checking whether g++ understands -c and -o together
configure:16329: g++ -g -O2 -c conftest.cpp -o conftest2.o >&5
configure:16333: $? = 0
configure:16340: g++ -g -O2 -c conftest.cpp -o conftest2.o >&5
configure:16344: $? = 0
configure:16352: result: yes
configure:16390: checking for g++ option to support OpenMP
configure:16405: g++ -o conftest -g -O2   conftest.cpp  >&5
conftest.cpp:30:2: error: 'choke' does not name a type
  choke me
  ^
In file included from conftest.cpp:32:0:
/usr/lib/gcc/x86_64-linux-gnu/4.8/include/omp.h:38:3: error: 'omp_lock_t' does not name a type
 } omp_lock_t;
   ^
/usr/lib/gcc/x86_64-linux-gnu/4.8/include/omp.h:81:28: error: variable or field 'omp_init_lock' declared void
 extern void omp_init_lock (omp_lock_t *) __GOMP_NOTHROW;
                            ^
/usr/lib/gcc/x86_64-linux-gnu/4.8/include/omp.h:81:28: error: 'omp_lock_t' was not declared in this scope
/usr/lib/gcc/x86_64-linux-gnu/4.8/include/omp.h:81:40: error: expected primary-expression before ')' token
 extern void omp_init_lock (omp_lock_t *) __GOMP_NOTHROW;
                                        ^
/usr/lib/gcc/x86_64-linux-gnu/4.8/include/omp.h:82:31: error: variable or field 'omp_destroy_lock' declared void
 extern void omp_destroy_lock (omp_lock_t *) __GOMP_NOTHROW;
                               ^
/usr/lib/gcc/x86_64-linux-gnu/4.8/include/omp.h:82:31: error: 'omp_lock_t' was not declared in this scope
/usr/lib/gcc/x86_64-linux-gnu/4.8/include/omp.h:82:43: error: expected primary-expression before ')' token
 extern void omp_destroy_lock (omp_lock_t *) __GOMP_NOTHROW;
                                           ^
/usr/lib/gcc/x86_64-linux-gnu/4.8/include/omp.h:83:27: error: variable or field 'omp_set_lock' declared void
 extern void omp_set_lock (omp_lock_t *) __GOMP_NOTHROW;
                           ^
/usr/lib/gcc/x86_64-linux-gnu/4.8/include/omp.h:83:27: error: 'omp_lock_t' was not declared in this scope
/usr/lib/gcc/x86_64-linux-gnu/4.8/include/omp.h:83:39: error: expected primary-expression before ')' token
 extern void omp_set_lock (omp_lock_t *) __GOMP_NOTHROW;
                                       ^
/usr/lib/gcc/x86_64-linux-gnu/4.8/include/omp.h:84:29: error: variable or field 'omp_unset_lock' declared void
 extern void omp_unset_lock (omp_lock_t *) __GOMP_NOTHROW;
                             ^
/usr/lib/gcc/x86_64-linux-gnu/4.8/include/omp.h:84:29: error: 'omp_lock_t' was not declared in this scope
/usr/lib/gcc/x86_64-linux-gnu/4.8/include/omp.h:84:41: error: expected primary-expression before ')' token
 extern void omp_unset_lock (omp_lock_t *) __GOMP_NOTHROW;
                                         ^
/usr/lib/gcc/x86_64-linux-gnu/4.8/include/omp.h:85:27: error: 'omp_lock_t' was not declared in this scope
 extern int omp_test_lock (omp_lock_t *) __GOMP_NOTHROW;
                           ^
/usr/lib/gcc/x86_64-linux-gnu/4.8/include/omp.h:85:39: error: expected primary-expression before ')' token
 extern int omp_test_lock (omp_lock_t *) __GOMP_NOTHROW;
                                       ^
/usr/lib/gcc/x86_64-linux-gnu/4.8/include/omp.h:85:41: error: expected ',' or ';' before 'throw'
 extern int omp_test_lock (omp_lock_t *) __GOMP_NOTHROW;
                                         ^
configure:16405: $? = 1
configure: failed program was:
| /* confdefs.h */
| #define PACKAGE_NAME "annabell"
| #define PACKAGE_TARNAME "annabell"
| #define PACKAGE_VERSION "2.0.9"
| #define PACKAGE_STRING "annabell 2.0.9"
| #define PACKAGE_BUGREPORT "golosio@uniss.it"
| #define PACKAGE_URL ""
| #define PACKAGE "annabell"
| #define VERSION "2.0.9"
| #define STDC_HEADERS 1
| #define HAVE_SYS_TYPES_H 1
| #define HAVE_SYS_STAT_H 1
| #define HAVE_STDLIB_H 1
| #define HAVE_STRING_H 1
| #define HAVE_MEMORY_H 1
| #define HAVE_STRINGS_H 1
| #define HAVE_INTTYPES_H 1
| #define HAVE_STDINT_H 1
| #define HAVE_UNISTD_H 1
| #define __EXTENSIONS__ 1
| #define _ALL_SOURCE 1
| #define _GNU_SOURCE 1
| #define _POSIX_PTHREAD_SEMANTICS 1
| #define _TANDEM_SOURCE 1
| #define HAVE_DLFCN_H 1
| #define LT_OBJDIR ".libs/"
| /* end confdefs.h.  */
| 
| #ifndef _OPENMP
|  choke me
| #endif
| #include <omp.h>
| int main () { return omp_get_num_threads (); }
| 
configure:16423: g++ -o conftest -g -O2 -fopenmp   conftest.cpp  >&5
configure:16423: $? = 0
configure:16437: result: -fopenmp
configure:16455: checking for exp in -lm
configure:16480: gcc -o conftest -g -O2   conftest.c -lm   >&5
conftest.c:35:6: warning: conflicting types for built-in function 'exp' [enabled by default]
 char exp ();
      ^
configure:16480: $? = 0
configure:16489: result: yes
configure:16502: checking for expm1
configure:16502: gcc -o conftest -g -O2   conftest.c -lm  >&5
conftest.c:52:6: warning: conflicting types for built-in function 'expm1' [enabled by default]
 char expm1 ();
      ^
configure:16502: $? = 0
configure:16502: result: yes
configure:16509: checking for log1p
configure:16509: gcc -o conftest -g -O2   conftest.c -lm  >&5
conftest.c:52:6: warning: conflicting types for built-in function 'log1p' [enabled by default]
 char log1p ();
      ^
configure:16509: $? = 0
configure:16509: result: yes
configure:16673: checking that generated files are newer than configure
configure:16679: result: done
configure:16714: creating ./config.status

## ---------------------- ##
## Running config.status. ##
## ---------------------- ##

This file was extended by annabell config.status 2.0.9, which was
generated by GNU Autoconf 2.69.  Invocation command line was

  CONFIG_FILES    = 
  CONFIG_HEADERS  = 
  CONFIG_LINKS    = 
  CONFIG_COMMANDS = 
  $ ./config.status 

on tangjianbo-Z97-HD3

config.status:1162: creating Makefile
config.status:1162: creating src/Makefile
config.status:1162: creating annabell.spec
config.status:1162: creating config.h
config.status:1391: executing depfiles commands
config.status:1391: executing libtool commands

## ---------------- ##
## Cache variables. ##
## ---------------- ##

ac_cv_build=x86_64-unknown-linux-gnu
ac_cv_c_compiler_gnu=yes
ac_cv_cxx_compiler_gnu=yes
ac_cv_env_CCC_set=
ac_cv_env_CCC_value=
ac_cv_env_CC_set=
ac_cv_env_CC_value=
ac_cv_env_CFLAGS_set=
ac_cv_env_CFLAGS_value=
ac_cv_env_CPPFLAGS_set=
ac_cv_env_CPPFLAGS_value=
ac_cv_env_CPP_set=
ac_cv_env_CPP_value=
ac_cv_env_CXXCPP_set=
ac_cv_env_CXXCPP_value=
ac_cv_env_CXXFLAGS_set=
ac_cv_env_CXXFLAGS_value=
ac_cv_env_CXX_set=
ac_cv_env_CXX_value=
ac_cv_env_LDFLAGS_set=
ac_cv_env_LDFLAGS_value=
ac_cv_env_LIBS_set=
ac_cv_env_LIBS_value=
ac_cv_env_build_alias_set=
ac_cv_env_build_alias_value=
ac_cv_env_host_alias_set=
ac_cv_env_host_alias_value=
ac_cv_env_target_alias_set=
ac_cv_env_target_alias_value=
ac_cv_func_expm1=yes
ac_cv_func_log1p=yes
ac_cv_header_dlfcn_h=yes
ac_cv_header_inttypes_h=yes
ac_cv_header_memory_h=yes
ac_cv_header_minix_config_h=no
ac_cv_header_stdc=yes
ac_cv_header_stdint_h=yes
ac_cv_header_stdlib_h=yes
ac_cv_header_string_h=yes
ac_cv_header_strings_h=yes
ac_cv_header_sys_stat_h=yes
ac_cv_header_sys_types_h=yes
ac_cv_header_unistd_h=yes
ac_cv_host=x86_64-unknown-linux-gnu
ac_cv_lib_m_exp=yes
ac_cv_objext=o
ac_cv_path_EGREP='/bin/grep -E'
ac_cv_path_FGREP='/bin/grep -F'
ac_cv_path_GREP=/bin/grep
ac_cv_path_SED=/bin/sed
ac_cv_path_install='/usr/bin/install -c'
ac_cv_path_mkdir=/bin/mkdir
ac_cv_prog_AWK=mawk
ac_cv_prog_CC_FULL=gcc
ac_cv_prog_CPP='gcc -E'
ac_cv_prog_CXXCPP='g++ -E'
ac_cv_prog_CXX_FULL=g++
ac_cv_prog_ac_ct_AR=ar
ac_cv_prog_ac_ct_CC=gcc
ac_cv_prog_ac_ct_CXX=g++
ac_cv_prog_ac_ct_MANIFEST_TOOL=mt
ac_cv_prog_ac_ct_OBJDUMP=objdump
ac_cv_prog_ac_ct_RANLIB=ranlib
ac_cv_prog_ac_ct_STRIP=strip
ac_cv_prog_cc_c89=
ac_cv_prog_cc_g=yes
ac_cv_prog_cxx_c_o=yes
ac_cv_prog_cxx_g=yes
ac_cv_prog_cxx_openmp=-fopenmp
ac_cv_prog_make_make_set=yes
ac_cv_safe_to_define___extensions__=yes
am_cv_CC_dependencies_compiler_type=gcc3
am_cv_CXX_dependencies_compiler_type=gcc3
am_cv_ar_interface=ar
am_cv_make_support_nested_variables=yes
am_cv_prog_cc_c_o=yes
lt_cv_ar_at_file=@
lt_cv_archive_cmds_need_lc=no
lt_cv_deplibs_check_method=pass_all
lt_cv_file_magic_cmd='$MAGIC_CMD'
lt_cv_file_magic_test_file=
lt_cv_ld_reload_flag=-r
lt_cv_nm_interface='BSD nm'
lt_cv_objdir=.libs
lt_cv_path_LD=/usr/bin/ld
lt_cv_path_LDCXX='/usr/bin/ld -m elf_x86_64'
lt_cv_path_NM='/usr/bin/nm -B'
lt_cv_path_mainfest_tool=no
lt_cv_prog_compiler_c_o=yes
lt_cv_prog_compiler_c_o_CXX=yes
lt_cv_prog_compiler_pic='-fPIC -DPIC'
lt_cv_prog_compiler_pic_CXX='-fPIC -DPIC'
lt_cv_prog_compiler_pic_works=yes
lt_cv_prog_compiler_pic_works_CXX=yes
lt_cv_prog_compiler_rtti_exceptions=no
lt_cv_prog_compiler_static_works=yes
lt_cv_prog_compiler_static_works_CXX=yes
lt_cv_prog_gnu_ld=yes
lt_cv_prog_gnu_ldcxx=yes
lt_cv_sharedlib_from_linklib_cmd='printf %s\n'
lt_cv_shlibpath_overrides_runpath=no
lt_cv_sys_global_symbol_pipe='sed -n -e '\''s/^.*[	 ]\([ABCDGIRSTW][ABCDGIRSTW]*\)[	 ][	 ]*\([_A-Za-z][_A-Za-z0-9]*\)$/\1 \2 \2/p'\'' | sed '\''/ __gnu_lto/d'\'''
lt_cv_sys_global_symbol_to_c_name_address='sed -n -e '\''s/^: \([^ ]*\)[ ]*$/  {\"\1\", (void *) 0},/p'\'' -e '\''s/^[ABCDGIRSTW]* \([^ ]*\) \([^ ]*\)$/  {"\2", (void *) \&\2},/p'\'''
lt_cv_sys_global_symbol_to_c_name_address_lib_prefix='sed -n -e '\''s/^: \([^ ]*\)[ ]*$/  {\"\1\", (void *) 0},/p'\'' -e '\''s/^[ABCDGIRSTW]* \([^ ]*\) \(lib[^ ]*\)$/  {"\2", (void *) \&\2},/p'\'' -e '\''s/^[ABCDGIRSTW]* \([^ ]*\) \([^ ]*\)$/  {"lib\2", (void *) \&\2},/p'\'''
lt_cv_sys_global_symbol_to_cdecl='sed -n -e '\''s/^T .* \(.*\)$/extern int \1();/p'\'' -e '\''s/^[ABCDGIRSTW]* .* \(.*\)$/extern char \1;/p'\'''
lt_cv_sys_max_cmd_len=1572864
lt_cv_to_host_file_cmd=func_convert_file_noop
lt_cv_to_tool_file_cmd=func_convert_file_noop

## ----------------- ##
## Output variables. ##
## ----------------- ##

ABS_SRC_BUILD_EQUAL_FALSE='#'
ABS_SRC_BUILD_EQUAL_TRUE=''
ACLOCAL='aclocal-1.14'
AMDEPBACKSLASH='\'
AMDEP_FALSE='#'
AMDEP_TRUE=''
AMTAR='$${TAR-tar}'
AM_BACKSLASH='\'
AM_DEFAULT_V='$(AM_DEFAULT_VERBOSITY)'
AM_DEFAULT_VERBOSITY='1'
AM_V='$(V)'
AR='ar'
AUTOCONF='autoconf'
AUTOHEADER='autoheader'
AUTOMAKE='automake-1.14'
AWK='mawk'
CC='gcc'
CCDEPMODE='depmode=gcc3'
CC_FULL='gcc'
CFLAGS='-g -O2'
CPP='gcc -E'
CPPFLAGS=''
CXX='g++'
CXXCPP='g++ -E'
CXXDEPMODE='depmode=gcc3'
CXXFLAGS='-g -O2'
CXX_FULL='g++'
CYGPATH_W='echo'
DEFS='-DHAVE_CONFIG_H'
DEPDIR='.deps'
DLLTOOL='false'
DSYMUTIL=''
DUMPBIN=''
ECHO_C=''
ECHO_N='-n'
ECHO_T=''
EGREP='/bin/grep -E'
EXEEXT=''
FGREP='/bin/grep -F'
GREP='/bin/grep'
INSTALL_DATA='${INSTALL} -m 644'
INSTALL_PROGRAM='${INSTALL}'
INSTALL_SCRIPT='${INSTALL}'
INSTALL_STRIP_PROGRAM='$(install_sh) -c -s'
LD='/usr/bin/ld -m elf_x86_64'
LDFLAGS=''
LDFLAGS_EXTRA=''
LIBOBJS=''
LIBS='-lm '
LIBTOOL='$(SHELL) $(top_builddir)/libtool'
LIB_AGE='0'
LIB_CURRENT='0'
LIB_REVISION='0'
LIPO=''
LN_S='ln -s'
LTLIBOBJS=''
MAKEINFO='makeinfo'
MANIFEST_TOOL=':'
MKDIR_P='/bin/mkdir -p'
NM='/usr/bin/nm -B'
NMEDIT=''
OBJDUMP='objdump'
OBJEXT='o'
OPENMP_CXXFLAGS='-fopenmp'
OTOOL64=''
OTOOL=''
PACKAGE='annabell'
PACKAGE_BUGREPORT='golosio@uniss.it'
PACKAGE_NAME='annabell'
PACKAGE_STRING='annabell 2.0.9'
PACKAGE_TARNAME='annabell'
PACKAGE_URL=''
PACKAGE_VERSION='2.0.9'
PATH_SEPARATOR=':'
RANLIB='ranlib'
SED='/bin/sed'
SET_MAKE=''
SHELL='/bin/bash'
STRIP='strip'
VERSION='2.0.9'
abs_top_builddir='/home/tangjianbo/Documents/annabell-2.0.9'
abs_top_srcdir='/home/tangjianbo/Documents/annabell-2.0.9'
ac_ct_AR='ar'
ac_ct_CC='gcc'
ac_ct_CXX='g++'
ac_ct_DUMPBIN=''
am__EXEEXT_FALSE=''
am__EXEEXT_TRUE='#'
am__fastdepCC_FALSE='#'
am__fastdepCC_TRUE=''
am__fastdepCXX_FALSE='#'
am__fastdepCXX_TRUE=''
am__include='include'
am__isrc=''
am__leading_dot='.'
am__nodep='_no'
am__quote=''
am__tar='$${TAR-tar} chof - "$$tardir"'
am__untar='$${TAR-tar} xf -'
bindir='${exec_prefix}/bin'
build='x86_64-unknown-linux-gnu'
build_alias=''
build_cpu='x86_64'
build_os='linux-gnu'
build_vendor='unknown'
datadir='${datarootdir}'
datarootdir='${prefix}/share'
docdir='${datarootdir}/doc/${PACKAGE_TARNAME}'
dvidir='${docdir}'
exec_prefix='${prefix}'
host='x86_64-unknown-linux-gnu'
host_alias=''
host_cpu='x86_64'
host_os='linux-gnu'
host_vendor='unknown'
htmldir='${docdir}'
includedir='${prefix}/include'
infodir='${datarootdir}/info'
install_sh='${SHELL} /home/tangjianbo/Documents/annabell-2.0.9/build-aux/install-sh'
libdir='${exec_prefix}/lib'
libexecdir='${exec_prefix}/libexec'
localedir='${datarootdir}/locale'
localstatedir='${prefix}/var'
mandir='${datarootdir}/man'
mkdir_p='$(MKDIR_P)'
oldincludedir='/usr/include'
pdfdir='${docdir}'
prefix='/usr/local'
program_transform_name='s,x,x,'
psdir='${docdir}'
sbindir='${exec_prefix}/sbin'
sharedstatedir='${prefix}/com'
sysconfdir='${prefix}/etc'
target_alias=''

## ----------- ##
## confdefs.h. ##
## ----------- ##

/* confdefs.h */
#define PACKAGE_NAME "annabell"
#define PACKAGE_TARNAME "annabell"
#define PACKAGE_VERSION "2.0.9"
#define PACKAGE_STRING "annabell 2.0.9"
#define PACKAGE_BUGREPORT "golosio@uniss.it"
#define PACKAGE_URL ""
#define PACKAGE "annabell"
#define VERSION "2.0.9"
#define STDC_HEADERS 1
#define HAVE_SYS_TYPES_H 1
#define HAVE_SYS_STAT_H 1
#define HAVE_STDLIB_H 1
#define HAVE_STRING_H 1
#define HAVE_MEMORY_H 1
#define HAVE_STRINGS_H 1
#define HAVE_INTTYPES_H 1
#define HAVE_STDINT_H 1
#define HAVE_UNISTD_H 1
#define __EXTENSIONS__ 1
#define _ALL_SOURCE 1
#define _GNU_SOURCE 1
#define _POSIX_PTHREAD_SEMANTICS 1
#define _TANDEM_SOURCE 1
#define HAVE_DLFCN_H 1
#define LT_OBJDIR ".libs/"
#define HAVE_LIBM 1

configure: exit 0
